2021-12-12 22:55:27:970 [INFO] [main] [com.bridgelabz.addressbook.AddressBookApplication:55] Starting AddressBookApplication using Java 17 on DESKTOP-2I0J1B5 with PID 2012 (D:\eclipse\nmbvc\CFP\address-book\target\classes started by Asim in D:\eclipse\nmbvc\CFP\address-book)
2021-12-12 22:55:27:982 [INFO] [main] [com.bridgelabz.addressbook.AddressBookApplication:635] No active profile set, falling back to default profiles: default
2021-12-12 22:55:30:328 [INFO] [main] [org.springframework.data.repository.config.RepositoryConfigurationDelegate:132] Bootstrapping Spring Data JPA repositories in DEFAULT mode.
2021-12-12 22:55:30:536 [INFO] [main] [org.springframework.data.repository.config.RepositoryConfigurationDelegate:201] Finished Spring Data repository scanning in 174 ms. Found 1 JPA repository interfaces.
2021-12-12 22:55:31:283 [INFO] [main] [com.ulisesbocchio.jasyptspringboot.configuration.EnableEncryptablePropertiesBeanFactoryPostProcessor:39] Post-processing PropertySource instances
2021-12-12 22:55:31:367 [INFO] [main] [com.ulisesbocchio.jasyptspringboot.EncryptablePropertySourceConverter:56] Converting PropertySource configurationProperties [org.springframework.boot.context.properties.source.ConfigurationPropertySourcesPropertySource] to AOP Proxy
2021-12-12 22:55:31:372 [INFO] [main] [com.ulisesbocchio.jasyptspringboot.EncryptablePropertySourceConverter:56] Converting PropertySource servletConfigInitParams [org.springframework.core.env.PropertySource$StubPropertySource] to EncryptablePropertySourceWrapper
2021-12-12 22:55:31:373 [INFO] [main] [com.ulisesbocchio.jasyptspringboot.EncryptablePropertySourceConverter:56] Converting PropertySource servletContextInitParams [org.springframework.core.env.PropertySource$StubPropertySource] to EncryptablePropertySourceWrapper
2021-12-12 22:55:31:374 [INFO] [main] [com.ulisesbocchio.jasyptspringboot.EncryptablePropertySourceConverter:56] Converting PropertySource systemProperties [org.springframework.core.env.PropertiesPropertySource] to EncryptableMapPropertySourceWrapper
2021-12-12 22:55:31:375 [INFO] [main] [com.ulisesbocchio.jasyptspringboot.EncryptablePropertySourceConverter:56] Converting PropertySource systemEnvironment [org.springframework.boot.env.SystemEnvironmentPropertySourceEnvironmentPostProcessor$OriginAwareSystemEnvironmentPropertySource] to EncryptableSystemEnvironmentPropertySourceWrapper
2021-12-12 22:55:31:376 [INFO] [main] [com.ulisesbocchio.jasyptspringboot.EncryptablePropertySourceConverter:56] Converting PropertySource random [org.springframework.boot.env.RandomValuePropertySource] to EncryptablePropertySourceWrapper
2021-12-12 22:55:31:377 [INFO] [main] [com.ulisesbocchio.jasyptspringboot.EncryptablePropertySourceConverter:56] Converting PropertySource Config resource 'class path resource [application.properties]' via location 'optional:classpath:/' [org.springframework.boot.env.OriginTrackedMapPropertySource] to EncryptableMapPropertySourceWrapper
2021-12-12 22:55:31:479 [INFO] [main] [com.ulisesbocchio.jasyptspringboot.filter.DefaultLazyPropertyFilter:31] Property Filter custom Bean not found with name 'encryptablePropertyFilter'. Initializing Default Property Filter
2021-12-12 22:55:33:408 [INFO] [main] [org.springframework.boot.web.embedded.tomcat.TomcatWebServer:108] Tomcat initialized with port(s): 8080 (http)
2021-12-12 22:55:33:445 [INFO] [main] [org.apache.catalina.core.StandardService:173] Starting service [Tomcat]
2021-12-12 22:55:33:447 [INFO] [main] [org.apache.catalina.core.StandardEngine:173] Starting Servlet engine: [Apache Tomcat/9.0.55]
2021-12-12 22:55:33:809 [INFO] [main] [org.apache.catalina.core.ContainerBase.[Tomcat].[localhost].[/]:173] Initializing Spring embedded WebApplicationContext
2021-12-12 22:55:33:811 [INFO] [main] [org.springframework.boot.web.servlet.context.ServletWebServerApplicationContext:290] Root WebApplicationContext: initialization completed in 5670 ms
2021-12-12 22:55:33:975 [INFO] [main] [com.ulisesbocchio.jasyptspringboot.resolver.DefaultLazyPropertyResolver:35] Property Resolver custom Bean not found with name 'encryptablePropertyResolver'. Initializing Default Property Resolver
2021-12-12 22:55:33:998 [INFO] [main] [com.ulisesbocchio.jasyptspringboot.detector.DefaultLazyPropertyDetector:35] Property Detector custom Bean not found with name 'encryptablePropertyDetector'. Initializing Default Property Detector
2021-12-12 22:55:34:021 [INFO] [main] [com.ulisesbocchio.jasyptspringboot.encryptor.DefaultLazyEncryptor:37] String Encryptor custom Bean not found with name 'jasyptStringEncryptor'. Initializing Default String Encryptor
2021-12-12 22:55:34:075 [INFO] [main] [com.ulisesbocchio.jasyptspringboot.configuration.StringEncryptorBuilder:81] Encryptor config not found for property jasypt.encryptor.algorithm, using default value: PBEWITHHMACSHA512ANDAES_256
2021-12-12 22:55:34:078 [INFO] [main] [com.ulisesbocchio.jasyptspringboot.configuration.StringEncryptorBuilder:81] Encryptor config not found for property jasypt.encryptor.key-obtention-iterations, using default value: 1000
2021-12-12 22:55:34:080 [INFO] [main] [com.ulisesbocchio.jasyptspringboot.configuration.StringEncryptorBuilder:81] Encryptor config not found for property jasypt.encryptor.pool-size, using default value: 1
2021-12-12 22:55:34:084 [INFO] [main] [com.ulisesbocchio.jasyptspringboot.configuration.StringEncryptorBuilder:81] Encryptor config not found for property jasypt.encryptor.provider-name, using default value: null
2021-12-12 22:55:34:085 [INFO] [main] [com.ulisesbocchio.jasyptspringboot.configuration.StringEncryptorBuilder:81] Encryptor config not found for property jasypt.encryptor.provider-class-name, using default value: null
2021-12-12 22:55:34:087 [INFO] [main] [com.ulisesbocchio.jasyptspringboot.configuration.StringEncryptorBuilder:81] Encryptor config not found for property jasypt.encryptor.salt-generator-classname, using default value: org.jasypt.salt.RandomSaltGenerator
2021-12-12 22:55:34:091 [INFO] [main] [com.ulisesbocchio.jasyptspringboot.configuration.StringEncryptorBuilder:81] Encryptor config not found for property jasypt.encryptor.iv-generator-classname, using default value: org.jasypt.iv.RandomIvGenerator
2021-12-12 22:55:34:095 [INFO] [main] [com.ulisesbocchio.jasyptspringboot.configuration.StringEncryptorBuilder:81] Encryptor config not found for property jasypt.encryptor.string-output-type, using default value: base64
2021-12-12 22:55:34:881 [INFO] [main] [org.hibernate.jpa.internal.util.LogHelper:31] HHH000204: Processing PersistenceUnitInfo [name: default]
2021-12-12 22:55:35:035 [INFO] [main] [org.hibernate.Version:44] HHH000412: Hibernate ORM core version 5.6.1.Final
2021-12-12 22:55:35:497 [INFO] [main] [org.hibernate.annotations.common.Version:56] HCANN000001: Hibernate Commons Annotations {5.1.2.Final}
2021-12-12 22:55:35:801 [INFO] [main] [com.zaxxer.hikari.HikariDataSource:110] HikariPool-1 - Starting...
2021-12-12 22:55:35:811 [WARN] [main] [com.zaxxer.hikari.util.DriverDataSource:70] Registered driver with driverClassName=com.mysql.jdbc.Driver was not found, trying direct instantiation.
2021-12-12 22:55:37:001 [INFO] [main] [com.zaxxer.hikari.HikariDataSource:123] HikariPool-1 - Start completed.
2021-12-12 22:55:37:047 [INFO] [main] [org.hibernate.dialect.Dialect:175] HHH000400: Using dialect: org.hibernate.dialect.MySQL8Dialect
2021-12-12 22:55:39:723 [INFO] [main] [org.hibernate.engine.transaction.jta.platform.internal.JtaPlatformInitiator:52] HHH000490: Using JtaPlatform implementation: [org.hibernate.engine.transaction.jta.platform.internal.NoJtaPlatform]
2021-12-12 22:55:39:751 [INFO] [main] [org.springframework.orm.jpa.LocalContainerEntityManagerFactoryBean:437] Initialized JPA EntityManagerFactory for persistence unit 'default'
2021-12-12 22:55:40:736 [WARN] [main] [org.springframework.boot.autoconfigure.orm.jpa.JpaBaseConfiguration$JpaWebConfiguration:219] spring.jpa.open-in-view is enabled by default. Therefore, database queries may be performed during view rendering. Explicitly configure spring.jpa.open-in-view to disable this warning
2021-12-12 22:55:41:574 [WARN] [main] [org.springframework.boot.web.servlet.context.AnnotationConfigServletWebServerApplicationContext:591] Exception encountered during context initialization - cancelling refresh attempt: org.springframework.context.ApplicationContextException: Failed to start bean 'webServerStartStop'; nested exception is org.springframework.boot.web.server.PortInUseException: Port 8080 is already in use
2021-12-12 22:55:41:578 [INFO] [main] [org.springframework.orm.jpa.LocalContainerEntityManagerFactoryBean:651] Closing JPA EntityManagerFactory for persistence unit 'default'
2021-12-12 22:55:41:582 [INFO] [main] [com.zaxxer.hikari.HikariDataSource:350] HikariPool-1 - Shutdown initiated...
2021-12-12 22:55:41:608 [INFO] [main] [com.zaxxer.hikari.HikariDataSource:352] HikariPool-1 - Shutdown completed.
2021-12-12 22:55:41:615 [INFO] [main] [org.apache.catalina.core.StandardService:173] Stopping service [Tomcat]
2021-12-12 22:55:41:648 [INFO] [main] [org.springframework.boot.autoconfigure.logging.ConditionEvaluationReportLoggingListener:136] 

Error starting ApplicationContext. To display the conditions report re-run your application with 'debug' enabled.
2021-12-12 22:55:41:736 [ERROR] [main] [org.springframework.boot.diagnostics.LoggingFailureAnalysisReporter:40] 

***************************
APPLICATION FAILED TO START
***************************

Description:

Web server failed to start. Port 8080 was already in use.

Action:

Identify and stop the process that's listening on port 8080 or configure this application to listen on another port.

2021-12-12 22:56:17:433 [INFO] [main] [com.bridgelabz.addressbook.AddressBookApplication:55] Starting AddressBookApplication using Java 17 on DESKTOP-2I0J1B5 with PID 15300 (D:\eclipse\nmbvc\CFP\address-book\target\classes started by Asim in D:\eclipse\nmbvc\CFP\address-book)
2021-12-12 22:56:17:441 [INFO] [main] [com.bridgelabz.addressbook.AddressBookApplication:635] No active profile set, falling back to default profiles: default
2021-12-12 22:56:19:013 [INFO] [main] [org.springframework.data.repository.config.RepositoryConfigurationDelegate:132] Bootstrapping Spring Data JPA repositories in DEFAULT mode.
2021-12-12 22:56:19:178 [INFO] [main] [org.springframework.data.repository.config.RepositoryConfigurationDelegate:201] Finished Spring Data repository scanning in 138 ms. Found 1 JPA repository interfaces.
2021-12-12 22:56:19:714 [INFO] [main] [com.ulisesbocchio.jasyptspringboot.configuration.EnableEncryptablePropertiesBeanFactoryPostProcessor:39] Post-processing PropertySource instances
2021-12-12 22:56:19:769 [INFO] [main] [com.ulisesbocchio.jasyptspringboot.EncryptablePropertySourceConverter:56] Converting PropertySource configurationProperties [org.springframework.boot.context.properties.source.ConfigurationPropertySourcesPropertySource] to AOP Proxy
2021-12-12 22:56:19:772 [INFO] [main] [com.ulisesbocchio.jasyptspringboot.EncryptablePropertySourceConverter:56] Converting PropertySource servletConfigInitParams [org.springframework.core.env.PropertySource$StubPropertySource] to EncryptablePropertySourceWrapper
2021-12-12 22:56:19:773 [INFO] [main] [com.ulisesbocchio.jasyptspringboot.EncryptablePropertySourceConverter:56] Converting PropertySource servletContextInitParams [org.springframework.core.env.PropertySource$StubPropertySource] to EncryptablePropertySourceWrapper
2021-12-12 22:56:19:773 [INFO] [main] [com.ulisesbocchio.jasyptspringboot.EncryptablePropertySourceConverter:56] Converting PropertySource systemProperties [org.springframework.core.env.PropertiesPropertySource] to EncryptableMapPropertySourceWrapper
2021-12-12 22:56:19:773 [INFO] [main] [com.ulisesbocchio.jasyptspringboot.EncryptablePropertySourceConverter:56] Converting PropertySource systemEnvironment [org.springframework.boot.env.SystemEnvironmentPropertySourceEnvironmentPostProcessor$OriginAwareSystemEnvironmentPropertySource] to EncryptableSystemEnvironmentPropertySourceWrapper
2021-12-12 22:56:19:774 [INFO] [main] [com.ulisesbocchio.jasyptspringboot.EncryptablePropertySourceConverter:56] Converting PropertySource random [org.springframework.boot.env.RandomValuePropertySource] to EncryptablePropertySourceWrapper
2021-12-12 22:56:19:774 [INFO] [main] [com.ulisesbocchio.jasyptspringboot.EncryptablePropertySourceConverter:56] Converting PropertySource Config resource 'class path resource [application.properties]' via location 'optional:classpath:/' [org.springframework.boot.env.OriginTrackedMapPropertySource] to EncryptableMapPropertySourceWrapper
2021-12-12 22:56:19:852 [INFO] [main] [com.ulisesbocchio.jasyptspringboot.filter.DefaultLazyPropertyFilter:31] Property Filter custom Bean not found with name 'encryptablePropertyFilter'. Initializing Default Property Filter
2021-12-12 22:56:21:273 [INFO] [main] [org.springframework.boot.web.embedded.tomcat.TomcatWebServer:108] Tomcat initialized with port(s): 8080 (http)
2021-12-12 22:56:21:284 [INFO] [main] [org.apache.catalina.core.StandardService:173] Starting service [Tomcat]
2021-12-12 22:56:21:296 [INFO] [main] [org.apache.catalina.core.StandardEngine:173] Starting Servlet engine: [Apache Tomcat/9.0.55]
2021-12-12 22:56:21:545 [INFO] [main] [org.apache.catalina.core.ContainerBase.[Tomcat].[localhost].[/]:173] Initializing Spring embedded WebApplicationContext
2021-12-12 22:56:21:546 [INFO] [main] [org.springframework.boot.web.servlet.context.ServletWebServerApplicationContext:290] Root WebApplicationContext: initialization completed in 3994 ms
2021-12-12 22:56:21:685 [INFO] [main] [com.ulisesbocchio.jasyptspringboot.resolver.DefaultLazyPropertyResolver:35] Property Resolver custom Bean not found with name 'encryptablePropertyResolver'. Initializing Default Property Resolver
2021-12-12 22:56:21:693 [INFO] [main] [com.ulisesbocchio.jasyptspringboot.detector.DefaultLazyPropertyDetector:35] Property Detector custom Bean not found with name 'encryptablePropertyDetector'. Initializing Default Property Detector
2021-12-12 22:56:21:718 [INFO] [main] [com.ulisesbocchio.jasyptspringboot.encryptor.DefaultLazyEncryptor:37] String Encryptor custom Bean not found with name 'jasyptStringEncryptor'. Initializing Default String Encryptor
2021-12-12 22:56:21:743 [INFO] [main] [com.ulisesbocchio.jasyptspringboot.configuration.StringEncryptorBuilder:81] Encryptor config not found for property jasypt.encryptor.algorithm, using default value: PBEWITHHMACSHA512ANDAES_256
2021-12-12 22:56:21:744 [INFO] [main] [com.ulisesbocchio.jasyptspringboot.configuration.StringEncryptorBuilder:81] Encryptor config not found for property jasypt.encryptor.key-obtention-iterations, using default value: 1000
2021-12-12 22:56:21:747 [INFO] [main] [com.ulisesbocchio.jasyptspringboot.configuration.StringEncryptorBuilder:81] Encryptor config not found for property jasypt.encryptor.pool-size, using default value: 1
2021-12-12 22:56:21:748 [INFO] [main] [com.ulisesbocchio.jasyptspringboot.configuration.StringEncryptorBuilder:81] Encryptor config not found for property jasypt.encryptor.provider-name, using default value: null
2021-12-12 22:56:21:750 [INFO] [main] [com.ulisesbocchio.jasyptspringboot.configuration.StringEncryptorBuilder:81] Encryptor config not found for property jasypt.encryptor.provider-class-name, using default value: null
2021-12-12 22:56:21:753 [INFO] [main] [com.ulisesbocchio.jasyptspringboot.configuration.StringEncryptorBuilder:81] Encryptor config not found for property jasypt.encryptor.salt-generator-classname, using default value: org.jasypt.salt.RandomSaltGenerator
2021-12-12 22:56:21:757 [INFO] [main] [com.ulisesbocchio.jasyptspringboot.configuration.StringEncryptorBuilder:81] Encryptor config not found for property jasypt.encryptor.iv-generator-classname, using default value: org.jasypt.iv.RandomIvGenerator
2021-12-12 22:56:21:760 [INFO] [main] [com.ulisesbocchio.jasyptspringboot.configuration.StringEncryptorBuilder:81] Encryptor config not found for property jasypt.encryptor.string-output-type, using default value: base64
2021-12-12 22:56:22:175 [INFO] [main] [org.hibernate.jpa.internal.util.LogHelper:31] HHH000204: Processing PersistenceUnitInfo [name: default]
2021-12-12 22:56:22:285 [INFO] [main] [org.hibernate.Version:44] HHH000412: Hibernate ORM core version 5.6.1.Final
2021-12-12 22:56:22:655 [INFO] [main] [org.hibernate.annotations.common.Version:56] HCANN000001: Hibernate Commons Annotations {5.1.2.Final}
2021-12-12 22:56:22:856 [INFO] [main] [com.zaxxer.hikari.HikariDataSource:110] HikariPool-1 - Starting...
2021-12-12 22:56:22:870 [WARN] [main] [com.zaxxer.hikari.util.DriverDataSource:70] Registered driver with driverClassName=com.mysql.jdbc.Driver was not found, trying direct instantiation.
2021-12-12 22:56:23:537 [INFO] [main] [com.zaxxer.hikari.HikariDataSource:123] HikariPool-1 - Start completed.
2021-12-12 22:56:23:600 [INFO] [main] [org.hibernate.dialect.Dialect:175] HHH000400: Using dialect: org.hibernate.dialect.MySQL8Dialect
2021-12-12 22:56:25:253 [INFO] [main] [org.hibernate.engine.transaction.jta.platform.internal.JtaPlatformInitiator:52] HHH000490: Using JtaPlatform implementation: [org.hibernate.engine.transaction.jta.platform.internal.NoJtaPlatform]
2021-12-12 22:56:25:289 [INFO] [main] [org.springframework.orm.jpa.LocalContainerEntityManagerFactoryBean:437] Initialized JPA EntityManagerFactory for persistence unit 'default'
2021-12-12 22:56:26:098 [WARN] [main] [org.springframework.boot.autoconfigure.orm.jpa.JpaBaseConfiguration$JpaWebConfiguration:219] spring.jpa.open-in-view is enabled by default. Therefore, database queries may be performed during view rendering. Explicitly configure spring.jpa.open-in-view to disable this warning
2021-12-12 22:56:26:771 [INFO] [main] [org.springframework.boot.web.embedded.tomcat.TomcatWebServer:220] Tomcat started on port(s): 8080 (http) with context path ''
2021-12-12 22:56:26:794 [INFO] [main] [com.bridgelabz.addressbook.AddressBookApplication:61] Started AddressBookApplication in 10.359 seconds (JVM running for 11.256)
2021-12-12 22:56:38:237 [INFO] [http-nio-8080-exec-2] [org.apache.catalina.core.ContainerBase.[Tomcat].[localhost].[/]:173] Initializing Spring DispatcherServlet 'dispatcherServlet'
2021-12-12 22:56:38:239 [INFO] [http-nio-8080-exec-2] [org.springframework.web.servlet.DispatcherServlet:525] Initializing Servlet 'dispatcherServlet'
2021-12-12 22:56:38:240 [INFO] [http-nio-8080-exec-2] [org.springframework.web.servlet.DispatcherServlet:547] Completed initialization in 0 ms
2021-12-12 22:56:38:422 [INFO] [http-nio-8080-exec-2] [com.bridgelabz.addressbook.advice.LoggingAdvice:46] Method invoked: class com.bridgelabz.addressbook.services.AddressBookService : getAddress()arguments : [2]
2021-12-12 22:56:38:542 [ERROR] [http-nio-8080-exec-2] [com.bridgelabz.addressbook.exception.CustomGlobalException:61] Invalid ID
2021-12-12 22:56:42:262 [INFO] [http-nio-8080-exec-4] [com.bridgelabz.addressbook.advice.LoggingAdvice:46] Method invoked: class com.bridgelabz.addressbook.services.AddressBookService : getAddress()arguments : [11]
2021-12-12 22:56:42:486 [INFO] [http-nio-8080-exec-4] [com.bridgelabz.addressbook.advice.LoggingAdvice:49] class com.bridgelabz.addressbook.services.AddressBookService : getAddress()Response : AddressDto(name=Asim Ahammed, address=kerala, city=kochi, state=kerala, phoneNumber=9876543210, zip=987654)
2021-12-12 22:56:50:358 [INFO] [http-nio-8080-exec-5] [com.bridgelabz.addressbook.advice.LoggingAdvice:46] Method invoked: class com.bridgelabz.addressbook.services.AddressBookService : getAllAddress()arguments : []
2021-12-12 22:56:50:703 [INFO] [http-nio-8080-exec-5] [com.bridgelabz.addressbook.advice.LoggingAdvice:49] class com.bridgelabz.addressbook.services.AddressBookService : getAllAddress()Response : [AddressDto(name=Asim Ahammed, address=kerala, city=kochi, state=kerala, phoneNumber=9876543210, zip=987654)]
2021-12-12 22:57:05:201 [INFO] [http-nio-8080-exec-6] [com.bridgelabz.addressbook.advice.LoggingAdvice:46] Method invoked: class com.bridgelabz.addressbook.services.AddressBookService : addAddress()arguments : [{"name":"Anu","address":"kerala","city":"kochi","state":"kerala","phoneNumber":"9876543210","zip":"987654"}]
2021-12-12 22:57:05:511 [INFO] [http-nio-8080-exec-6] [com.bridgelabz.addressbook.advice.LoggingAdvice:49] class com.bridgelabz.addressbook.services.AddressBookService : addAddress()Response : ADDED atm into database
